0 verbose cli /usr/local/bin/node /usr/local/bin/npm
1 info using npm@10.5.0
2 info using node@v21.6.2
3 timing npm:load:whichnode Completed in 1ms
4 timing config:load:defaults Completed in 0ms
5 timing config:load:file:/usr/local/lib/node_modules/npm/npmrc Completed in 1ms
6 timing config:load:builtin Completed in 1ms
7 timing config:load:cli Completed in 1ms
8 timing config:load:env Completed in 0ms
9 timing config:load:file:/Users/davidvalle/next/nextjs-dashboard/.npmrc Completed in 0ms
10 timing config:load:project Completed in 2ms
11 timing config:load:file:/Users/davidvalle/.npmrc Completed in 0ms
12 timing config:load:user Completed in 0ms
13 timing config:load:file:/usr/local/etc/npmrc Completed in 0ms
14 timing config:load:global Completed in 0ms
15 timing config:load:setEnvs Completed in 1ms
16 timing config:load Completed in 5ms
17 timing npm:load:configload Completed in 5ms
18 timing config:load:flatten Completed in 1ms
19 timing npm:load:mkdirpcache Completed in 0ms
20 timing npm:load:mkdirplogs Completed in 0ms
21 verbose title npm i @vercel/postgres
22 verbose argv "i" "@vercel/postgres"
23 timing npm:load:setTitle Completed in 5ms
24 timing npm:load:display Completed in 0ms
25 verbose logfile logs-max:10 dir:/Users/davidvalle/next/nextjs-dashboard/C:Usersdavidvalle/npm-cache/_logs/2024-04-25T03_00_59_036Z-
26 verbose logfile /Users/davidvalle/next/nextjs-dashboard/C:Usersdavidvalle/npm-cache/_logs/2024-04-25T03_00_59_036Z-debug-0.log
27 timing npm:load:logFile Completed in 4ms
28 timing npm:load:timers Completed in 0ms
29 timing npm:load:configScope Completed in 0ms
30 timing npm:load Completed in 22ms
31 timing arborist:ctor Completed in 0ms
32 silly logfile done cleaning log files
33 timing idealTree:init Completed in 82ms
34 timing idealTree:userRequests Completed in 0ms
35 silly idealTree buildDeps
36 silly fetch manifest @vercel/postgres@^0.5.0
37 timing arborist:ctor Completed in 0ms
38 http fetch GET 200 https://registry.npmjs.org/@vercel%2fpostgres 191ms (cache miss)
39 silly placeDep ROOT @vercel/postgres@0.5.1 REPLACE for:  want: ^0.5.0
40 silly fetch manifest bufferutil@4.0.8
41 http fetch GET 200 https://registry.npmjs.org/bufferutil 50ms (cache miss)
42 timing idealTree:#root Completed in 248ms
43 silly placeDep ROOT bufferutil@4.0.8 REPLACE for: @vercel/postgres@0.5.1 want: 4.0.8
44 timing idealTree:node_modules/@vercel/postgres Completed in 2ms
45 timing idealTree:node_modules/bufferutil Completed in 0ms
46 timing idealTree:buildDeps Completed in 251ms
47 timing idealTree:fixDepFlags Completed in 2ms
48 timing idealTree Completed in 339ms
49 timing reify:loadTrees Completed in 339ms
50 timing reify:diffTrees Completed in 21ms
51 silly reify mark retired [
51 silly reify   '/Users/davidvalle/next/nextjs-dashboard/node_modules/@vercel/postgres'
51 silly reify ]
52 silly reify mark retired [ '/Users/davidvalle/next/nextjs-dashboard/node_modules/bufferutil' ]
53 silly reify moves {
53 silly reify   '/Users/davidvalle/next/nextjs-dashboard/node_modules/@vercel/postgres': '/Users/davidvalle/next/nextjs-dashboard/node_modules/@vercel/.postgres-kMat2tcQ',
53 silly reify   '/Users/davidvalle/next/nextjs-dashboard/node_modules/bufferutil': '/Users/davidvalle/next/nextjs-dashboard/node_modules/.bufferutil-IM3hnruh'
53 silly reify }
54 timing reify:retireShallow Completed in 3ms
55 timing reify:createSparse Completed in 0ms
56 timing reify:loadBundles Completed in 0ms
57 silly audit bulk request {
57 silly audit   '@aashutoshrathi/word-wrap': [ '1.2.6' ],
57 silly audit   '@alloc/quick-lru': [ '5.2.0' ],
57 silly audit   '@ampproject/remapping': [ '2.2.1' ],
57 silly audit   '@babel/code-frame': [ '7.22.13' ],
57 silly audit   'ansi-styles': [ '3.2.1', '4.3.0' ],
57 silly audit   chalk: [ '2.4.2', '4.1.2' ],
57 silly audit   'color-convert': [ '1.9.3', '2.0.1' ],
57 silly audit   'color-name': [ '1.1.3', '1.1.4' ],
57 silly audit   'escape-string-regexp': [ '1.0.5', '4.0.0' ],
57 silly audit   'has-flag': [ '3.0.0', '4.0.0' ],
57 silly audit   'supports-color': [ '5.5.0', '7.2.0' ],
57 silly audit   '@babel/compat-data': [ '7.23.2' ],
57 silly audit   '@babel/core': [ '7.23.2' ],
57 silly audit   json5: [ '2.2.3', '1.0.2' ],
57 silly audit   semver: [ '6.3.1', '5.7.2', '7.5.4' ],
57 silly audit   '@babel/eslint-parser': [ '7.22.15' ],
57 silly audit   'eslint-visitor-keys': [ '2.1.0', '3.4.3' ],
57 silly audit   '@babel/generator': [ '7.23.0' ],
57 silly audit   '@babel/helper-compilation-targets': [ '7.22.15' ],
57 silly audit   'lru-cache': [ '5.1.1', '6.0.0' ],
57 silly audit   yallist: [ '3.1.1', '4.0.0' ],
57 silly audit   '@babel/helper-environment-visitor': [ '7.22.20' ],
57 silly audit   '@babel/helper-function-name': [ '7.23.0' ],
57 silly audit   '@babel/helper-hoist-variables': [ '7.22.5' ],
57 silly audit   '@babel/helper-module-imports': [ '7.22.15' ],
57 silly audit   '@babel/helper-module-transforms': [ '7.23.0' ],
57 silly audit   '@babel/helper-simple-access': [ '7.22.5' ],
57 silly audit   '@babel/helper-split-export-declaration': [ '7.22.6' ],
57 silly audit   '@babel/helper-string-parser': [ '7.22.5' ],
57 silly audit   '@babel/helper-validator-identifier': [ '7.22.20' ],
57 silly audit   '@babel/helper-validator-option': [ '7.22.15' ],
57 silly audit   '@babel/helpers': [ '7.23.2' ],
57 silly audit   '@babel/highlight': [ '7.22.20' ],
57 silly audit   '@babel/parser': [ '7.23.0' ],
57 silly audit   '@babel/runtime': [ '7.23.2' ],
57 silly audit   '@babel/template': [ '7.22.15' ],
57 silly audit   '@babel/traverse': [ '7.23.2' ],
57 silly audit   globals: [ '11.12.0', '13.23.0' ],
57 silly audit   '@babel/types': [ '7.23.0' ],
57 silly audit   '@eslint-community/eslint-utils': [ '4.4.0' ],
57 silly audit   '@eslint-community/regexpp': [ '4.10.0' ],
57 silly audit   '@eslint/eslintrc': [ '2.1.2' ],
57 silly audit   '@eslint/js': [ '8.52.0' ],
57 silly audit   '@heroicons/react': [ '2.0.18' ],
57 silly audit   '@humanwhocodes/config-array': [ '0.11.13' ],
57 silly audit   '@humanwhocodes/module-importer': [ '1.0.1' ],
57 silly audit   '@humanwhocodes/object-schema': [ '2.0.1' ],
57 silly audit   '@jridgewell/gen-mapping': [ '0.3.3' ],
57 silly audit   '@jridgewell/resolve-uri': [ '3.1.1' ],
57 silly audit   '@jridgewell/set-array': [ '1.1.2' ],
57 silly audit   '@jridgewell/sourcemap-codec': [ '1.4.15' ],
57 silly audit   '@jridgewell/trace-mapping': [ '0.3.20' ],
57 silly audit   '@mapbox/node-pre-gyp': [ '1.0.11' ],
57 silly audit   '@microsoft/tsdoc': [ '0.14.2' ],
57 silly audit   '@microsoft/tsdoc-config': [ '0.16.2' ],
57 silly audit   resolve: [ '1.19.0', '2.0.0-next.5', '1.22.8' ],
57 silly audit   '@neondatabase/serverless': [ '0.6.0' ],
57 silly audit   '@next/env': [ '14.0.2' ],
57 silly audit   '@next/eslint-plugin-next': [ '13.5.6', '14.0.0' ],
57 silly audit   glob: [ '7.1.7', '7.1.6' ],
57 silly audit   '@next/swc-darwin-arm64': [ '14.0.2' ],
57 silly audit   '@next/swc-darwin-x64': [ '14.0.2' ],
57 silly audit   '@next/swc-linux-arm64-gnu': [ '14.0.2' ],
57 silly audit   '@next/swc-linux-arm64-musl': [ '14.0.2' ],
57 silly audit   '@next/swc-linux-x64-gnu': [ '14.0.2' ],
57 silly audit   '@next/swc-linux-x64-musl': [ '14.0.2' ],
57 silly audit   '@next/swc-win32-arm64-msvc': [ '14.0.2' ],
57 silly audit   '@next/swc-win32-ia32-msvc': [ '14.0.2' ],
57 silly audit   '@next/swc-win32-x64-msvc': [ '14.0.2' ],
57 silly audit   '@nicolo-ribaudo/eslint-scope-5-internals': [ '5.1.1-v1' ],
57 silly audit   'eslint-scope': [ '5.1.1', '7.2.2' ],
57 silly audit   estraverse: [ '4.3.0', '5.3.0' ],
57 silly audit   '@nodelib/fs.scandir': [ '2.1.5' ],
57 silly audit   '@nodelib/fs.stat': [ '2.0.5' ],
57 silly audit   '@nodelib/fs.walk': [ '1.2.8' ],
57 silly audit   '@pkgr/utils': [ '2.4.2' ],
57 silly audit   '@rushstack/eslint-patch': [ '1.5.1' ],
57 silly audit   '@swc/helpers': [ '0.5.2' ],
57 silly audit   '@tailwindcss/forms': [ '0.5.7' ],
57 silly audit   '@types/bcrypt': [ '5.0.1' ],
57 silly audit   '@types/json-schema': [ '7.0.14' ],
57 silly audit   '@types/json5': [ '0.0.29' ],
57 silly audit   '@types/node': [ '20.5.7' ],
57 silly audit   '@types/normalize-package-data': [ '2.4.3' ],
57 silly audit   '@types/pg': [ '8.6.6' ],
57 silly audit   '@types/prop-types': [ '15.7.9' ],
57 silly audit   '@types/react': [ '18.2.21' ],
57 silly audit   '@types/react-dom': [ '18.2.14' ],
57 silly audit   '@types/scheduler': [ '0.16.5' ],
57 silly audit   '@types/semver': [ '7.5.4' ],
57 silly audit   '@typescript-eslint/eslint-plugin': [ '6.9.1' ],
57 silly audit   '@typescript-eslint/scope-manager': [ '6.9.1', '6.9.0', '5.62.0' ],
57 silly audit   '@typescript-eslint/types': [ '6.9.1', '6.9.0', '5.62.0' ],
57 silly audit   '@typescript-eslint/visitor-keys': [ '6.9.1', '6.9.0', '5.62.0' ],
57 silly audit   '@typescript-eslint/parser': [ '6.9.0' ],
57 silly audit   '@typescript-eslint/type-utils': [ '6.9.1' ],
57 silly audit   '@typescript-eslint/typescript-estree': [ '6.9.1', '6.9.0', '5.62.0' ],
57 silly audit   '@typescript-eslint/utils': [ '6.9.1', '5.62.0' ],
57 silly audit   '@ungap/structured-clone': [ '1.2.0' ],
57 silly audit   '@vercel/style-guide': [ '5.0.1' ],
57 silly audit   abbrev: [ '1.1.1' ],
57 silly audit   acorn: [ '8.11.2' ],
57 silly audit   'acorn-jsx': [ '5.3.2' ],
57 silly audit   'agent-base': [ '6.0.2' ],
57 silly audit   ajv: [ '6.12.6' ],
57 silly audit   'ansi-regex': [ '5.0.1' ],
57 silly audit   'any-promise': [ '1.3.0' ],
57 silly audit   anymatch: [ '3.1.3' ],
57 silly audit   aproba: [ '2.0.0' ],
57 silly audit   'are-we-there-yet': [ '2.0.0' ],
57 silly audit   arg: [ '5.0.2' ],
57 silly audit   argparse: [ '2.0.1' ],
57 silly audit   'aria-query': [ '5.3.0' ],
57 silly audit   'array-buffer-byte-length': [ '1.0.0' ],
57 silly audit   'array-includes': [ '3.1.7' ],
57 silly audit   'array-union': [ '2.1.0' ],
57 silly audit   'array.prototype.findlastindex': [ '1.2.3' ],
57 silly audit   'array.prototype.flat': [ '1.3.2' ],
57 silly audit   'array.prototype.flatmap': [ '1.3.2' ],
57 silly audit   'array.prototype.tosorted': [ '1.1.2' ],
57 silly audit   'arraybuffer.prototype.slice': [ '1.0.2' ],
57 silly audit   'ast-types-flow': [ '0.0.7' ],
57 silly audit   'asynciterator.prototype': [ '1.0.0' ],
57 silly audit   autoprefixer: [ '10.4.15' ],
57 silly audit   'available-typed-arrays': [ '1.0.5' ],
57 silly audit   'axe-core': [ '4.8.2' ],
57 silly audit   'axobject-query': [ '3.2.1' ],
57 silly audit   'balanced-match': [ '1.0.2' ],
57 silly audit   bcrypt: [ '5.1.1' ],
57 silly audit   'big-integer': [ '1.6.51' ],
57 silly audit   'binary-extensions': [ '2.2.0' ],
57 silly audit   'bplist-parser': [ '0.2.0' ],
57 silly audit   'brace-expansion': [ '1.1.11' ],
57 silly audit   braces: [ '3.0.2' ],
57 silly audit   browserslist: [ '4.22.1' ],
57 silly audit   'builtin-modules': [ '3.3.0' ],
57 silly audit   'bundle-name': [ '3.0.0' ],
57 silly audit   busboy: [ '1.6.0' ],
57 silly audit   'call-bind': [ '1.0.5' ],
57 silly audit   callsites: [ '3.1.0' ],
57 silly audit   'camelcase-css': [ '2.0.1' ],
57 silly audit   'caniuse-lite': [ '1.0.30001554' ],
57 silly audit   chokidar: [ '3.5.3' ],
57 silly audit   'glob-parent': [ '5.1.2', '6.0.2' ],
57 silly audit   chownr: [ '2.0.0' ],
57 silly audit   'ci-info': [ '3.9.0' ],
57 silly audit   'clean-regexp': [ '1.0.0' ],
57 silly audit   'client-only': [ '0.0.1' ],
57 silly audit   clsx: [ '2.0.0' ],
57 silly audit   'color-support': [ '1.1.3' ],
57 silly audit   commander: [ '4.1.1' ],
57 silly audit   'concat-map': [ '0.0.1' ],
57 silly audit   'console-control-strings': [ '1.1.0' ],
57 silly audit   'convert-source-map': [ '2.0.0' ],
57 silly audit   'cross-spawn': [ '7.0.3' ],
57 silly audit   cssesc: [ '3.0.0' ],
57 silly audit   csstype: [ '3.1.2' ],
57 silly audit   'damerau-levenshtein': [ '1.0.8' ],
57 silly audit   debug: [ '4.3.4', '3.2.7' ],
57 silly audit   'deep-is': [ '0.1.4' ],
57 silly audit   'default-browser': [ '4.0.0' ],
57 silly audit   'default-browser-id': [ '3.0.0' ],
57 silly audit   'define-data-property': [ '1.1.1' ],
57 silly audit   'define-lazy-prop': [ '3.0.0' ],
57 silly audit   'define-properties': [ '1.2.1' ],
57 silly audit   delegates: [ '1.0.0' ],
57 silly audit   dequal: [ '2.0.3' ],
57 silly audit   'detect-indent': [ '7.0.1' ],
57 silly audit   'detect-libc': [ '2.0.2' ],
57 silly audit   'detect-newline': [ '4.0.1' ],
57 silly audit   didyoumean: [ '1.2.2' ],
57 silly audit   'dir-glob': [ '3.0.1' ],
57 silly audit   dlv: [ '1.1.3' ],
57 silly audit   doctrine: [ '3.0.0', '2.1.0' ],
57 silly audit   dotenv: [ '16.3.1' ],
57 silly audit   'electron-to-chromium': [ '1.4.567' ],
57 silly audit   'emoji-regex': [ '8.0.0', '9.2.2' ],
57 silly audit   'enhanced-resolve': [ '5.15.0' ],
57 silly audit   'error-ex': [ '1.3.2' ],
57 silly audit   'es-abstract': [ '1.22.3' ],
57 silly audit   'es-iterator-helpers': [ '1.0.15' ],
57 silly audit   'es-set-tostringtag': [ '2.0.2' ],
57 silly audit   'es-shim-unscopables': [ '1.0.2' ],
57 silly audit   'es-to-primitive': [ '1.2.1' ],
57 silly audit   escalade: [ '3.1.1' ],
57 silly audit   eslint: [ '8.52.0' ],
57 silly audit   'eslint-config-next': [ '14.0.0' ],
57 silly audit   'eslint-config-prettier': [ '9.0.0' ],
57 silly audit   'eslint-import-resolver-alias': [ '1.1.2' ],
57 silly audit   'eslint-import-resolver-node': [ '0.3.9' ],
57 silly audit   'eslint-import-resolver-typescript': [ '3.6.1' ],
57 silly audit   'eslint-module-utils': [ '2.8.0' ],
57 silly audit   'eslint-plugin-eslint-comments': [ '3.2.0' ],
57 silly audit   'eslint-plugin-import': [ '2.29.0' ],
57 silly audit   'eslint-plugin-jest': [ '27.6.0' ],
57 silly audit   'eslint-plugin-jsx-a11y': [ '6.7.1' ],
57 silly audit   'eslint-plugin-playwright': [ '0.16.0' ],
57 silly audit   'eslint-plugin-react': [ '7.33.2' ],
57 silly audit   'eslint-plugin-react-hooks': [ '4.6.0' ],
57 silly audit   'eslint-plugin-testing-library': [ '6.1.0' ],
57 silly audit   'eslint-plugin-tsdoc': [ '0.2.17' ],
57 silly audit   'eslint-plugin-unicorn': [ '48.0.1' ],
57 silly audit   jsesc: [ '3.0.2', '2.5.2', '0.5.0' ],
57 silly audit   espree: [ '9.6.1' ],
57 silly audit   esquery: [ '1.5.0' ],
57 silly audit   esrecurse: [ '4.3.0' ],
57 silly audit   esutils: [ '2.0.3' ],
57 silly audit   execa: [ '7.2.0', '5.1.1' ],
57 silly audit   'fast-deep-equal': [ '3.1.3' ],
57 silly audit   'fast-glob': [ '3.3.1' ],
57 silly audit   'fast-json-stable-stringify': [ '2.1.0' ],
57 silly audit   'fast-levenshtein': [ '2.0.6' ],
57 silly audit   fastq: [ '1.15.0' ],
57 silly audit   'file-entry-cache': [ '6.0.1' ],
57 silly audit   'fill-range': [ '7.0.1' ],
57 silly audit   'find-up': [ '5.0.0', '4.1.0' ],
57 silly audit   'flat-cache': [ '3.1.1' ],
57 silly audit   flatted: [ '3.2.9' ],
57 silly audit   'for-each': [ '0.3.3' ],
57 silly audit   'fraction.js': [ '4.3.7' ],
57 silly audit   'fs-minipass': [ '2.1.0' ],
57 silly audit   minipass: [ '3.3.6', '5.0.0' ],
57 silly audit   'fs.realpath': [ '1.0.0' ],
57 silly audit   fsevents: [ '2.3.3' ],
57 silly audit   'function-bind': [ '1.1.2' ],
57 silly audit   'function.prototype.name': [ '1.1.6' ],
57 silly audit   'functions-have-names': [ '1.2.3' ],
57 silly audit   gauge: [ '3.0.2' ],
57 silly audit   gensync: [ '1.0.0-beta.2' ],
57 silly audit   'get-intrinsic': [ '1.2.2' ],
57 silly audit   'get-stdin': [ '9.0.0' ],
57 silly audit   'get-stream': [ '6.0.1' ],
57 silly audit   'get-symbol-description': [ '1.0.0' ],
57 silly audit   'get-tsconfig': [ '4.7.2' ],
57 silly audit   'git-hooks-list': [ '3.1.0' ],
57 silly audit   'glob-to-regexp': [ '0.4.1' ],
57 silly audit   globalthis: [ '1.0.3' ],
57 silly audit   globby: [ '11.1.0', '13.2.2' ],
57 silly audit   gopd: [ '1.0.1' ],
57 silly audit   'graceful-fs': [ '4.2.11' ],
57 silly audit   graphemer: [ '1.4.0' ],
57 silly audit   has: [ '1.0.4' ],
57 silly audit   'has-bigints': [ '1.0.2' ],
57 silly audit   'has-property-descriptors': [ '1.0.1' ],
57 silly audit   'has-proto': [ '1.0.1' ],
57 silly audit   'has-symbols': [ '1.0.3' ],
57 silly audit   'has-tostringtag': [ '1.0.0' ],
57 silly audit   'has-unicode': [ '2.0.1' ],
57 silly audit   hasown: [ '2.0.0' ],
57 silly audit   'hosted-git-info': [ '2.8.9' ],
57 silly audit   'https-proxy-agent': [ '5.0.1' ],
57 silly audit   'human-signals': [ '4.3.1', '2.1.0' ],
57 silly audit   ignore: [ '5.2.4' ],
57 silly audit   'import-fresh': [ '3.3.0' ],
57 silly audit   imurmurhash: [ '0.1.4' ],
57 silly audit   'indent-string': [ '4.0.0' ],
57 silly audit   inflight: [ '1.0.6' ],
57 silly audit   inherits: [ '2.0.4' ],
57 silly audit   'internal-slot': [ '1.0.6' ],
57 silly audit   'is-array-buffer': [ '3.0.2' ],
57 silly audit   'is-arrayish': [ '0.2.1' ],
57 silly audit   'is-async-function': [ '2.0.0' ],
57 silly audit   'is-bigint': [ '1.0.4' ],
57 silly audit   'is-binary-path': [ '2.1.0' ],
57 silly audit   'is-boolean-object': [ '1.1.2' ],
57 silly audit   'is-builtin-module': [ '3.2.1' ],
57 silly audit   'is-callable': [ '1.2.7' ],
57 silly audit   'is-core-module': [ '2.13.1' ],
57 silly audit   'is-date-object': [ '1.0.5' ],
57 silly audit   'is-docker': [ '3.0.0', '2.2.1' ],
57 silly audit   'is-extglob': [ '2.1.1' ],
57 silly audit   'is-finalizationregistry': [ '1.0.2' ],
57 silly audit   'is-fullwidth-code-point': [ '3.0.0' ],
57 silly audit   'is-generator-function': [ '1.0.10' ],
57 silly audit   'is-glob': [ '4.0.3' ],
57 silly audit   'is-inside-container': [ '1.0.0' ],
57 silly audit   'is-map': [ '2.0.2' ],
57 silly audit   'is-negative-zero': [ '2.0.2' ],
57 silly audit   'is-number': [ '7.0.0' ],
57 silly audit   'is-number-object': [ '1.0.7' ],
57 silly audit   'is-path-inside': [ '3.0.3' ],
57 silly audit   'is-plain-obj': [ '4.1.0' ],
57 silly audit   'is-regex': [ '1.1.4' ],
57 silly audit   'is-set': [ '2.0.2' ],
57 silly audit   'is-shared-array-buffer': [ '1.0.2' ],
57 silly audit   'is-stream': [ '3.0.0', '2.0.1' ],
57 silly audit   'is-string': [ '1.0.7' ],
57 silly audit   'is-symbol': [ '1.0.4' ],
57 silly audit   'is-typed-array': [ '1.1.12' ],
57 silly audit   'is-weakmap': [ '2.0.1' ],
57 silly audit   'is-weakref': [ '1.0.2' ],
57 silly audit   'is-weakset': [ '2.0.2' ],
57 silly audit   'is-wsl': [ '2.2.0' ],
57 silly audit   isarray: [ '2.0.5' ],
57 silly audit   isexe: [ '2.0.0' ],
57 silly audit   'iterator.prototype': [ '1.1.2' ],
57 silly audit   jiti: [ '1.20.0' ],
57 silly audit   jju: [ '1.4.0' ],
57 silly audit   'js-tokens': [ '4.0.0' ],
57 silly audit   'js-yaml': [ '4.1.0' ],
57 silly audit   'json-buffer': [ '3.0.1' ],
57 silly audit   'json-parse-even-better-errors': [ '2.3.1' ],
57 silly audit   'json-schema-traverse': [ '0.4.1' ],
57 silly audit   'json-stable-stringify-without-jsonify': [ '1.0.1' ],
57 silly audit   'jsx-ast-utils': [ '3.3.5' ],
57 silly audit   keyv: [ '4.5.4' ],
57 silly audit   'language-subtag-registry': [ '0.3.22' ],
57 silly audit   'language-tags': [ '1.0.5' ],
57 silly audit   levn: [ '0.4.1' ],
57 silly audit   lilconfig: [ '2.1.0' ],
57 silly audit   'lines-and-columns': [ '1.2.4' ],
57 silly audit   'locate-path': [ '6.0.0', '5.0.0' ],
57 silly audit   lodash: [ '4.17.21' ],
57 silly audit   'lodash.merge': [ '4.6.2' ],
57 silly audit   'loose-envify': [ '1.4.0' ],
57 silly audit   'make-dir': [ '3.1.0' ],
57 silly audit   'merge-stream': [ '2.0.0' ],
57 silly audit   merge2: [ '1.4.1' ],
57 silly audit   micromatch: [ '4.0.5' ],
57 silly audit   'mimic-fn': [ '4.0.0', '2.1.0' ],
57 silly audit   'min-indent': [ '1.0.1' ],
57 silly audit   'mini-svg-data-uri': [ '1.4.4' ],
57 silly audit   minimatch: [ '3.1.2' ],
57 silly audit   minimist: [ '1.2.8' ],
57 silly audit   minizlib: [ '2.1.2' ],
57 silly audit   mkdirp: [ '1.0.4' ],
57 silly audit   ms: [ '2.1.2' ],
57 silly audit   mz: [ '2.7.0' ],
57 silly audit   nanoid: [ '3.3.6' ],
57 silly audit   'natural-compare': [ '1.4.0' ],
57 silly audit   next: [ '14.0.2' ],
57 silly audit   'node-addon-api': [ '5.1.0' ],
57 silly audit   'node-fetch': [ '2.7.0' ],
57 silly audit   'node-gyp-build': [ '4.6.1' ],
57 silly audit   'node-releases': [ '2.0.13' ],
57 silly audit   nopt: [ '5.0.0' ],
57 silly audit   'normalize-package-data': [ '2.5.0' ],
57 silly audit   'normalize-path': [ '3.0.0' ],
57 silly audit   'normalize-range': [ '0.1.2' ],
57 silly audit   'npm-run-path': [ '5.1.0', '4.0.1' ],
57 silly audit   'path-key': [ '4.0.0', '3.1.1' ],
57 silly audit   npmlog: [ '5.0.1' ],
57 silly audit   'object-assign': [ '4.1.1' ],
57 silly audit   'object-hash': [ '3.0.0' ],
57 silly audit   'object-inspect': [ '1.13.1' ],
57 silly audit   'object-keys': [ '1.1.1' ],
57 silly audit   'object.assign': [ '4.1.4' ],
57 silly audit   'object.entries': [ '1.1.7' ],
57 silly audit   'object.fromentries': [ '2.0.7' ],
57 silly audit   'object.groupby': [ '1.0.1' ],
57 silly audit   'object.hasown': [ '1.1.3' ],
57 silly audit   'object.values': [ '1.1.7' ],
57 silly audit   once: [ '1.4.0' ],
57 silly audit   onetime: [ '6.0.0', '5.1.2' ],
57 silly audit   open: [ '9.1.0' ],
57 silly audit   optionator: [ '0.9.3' ],
57 silly audit   'p-limit': [ '3.1.0', '2.3.0' ],
57 silly audit   'p-locate': [ '5.0.0', '4.1.0' ],
57 silly audit   'p-try': [ '2.2.0' ],
57 silly audit   'parent-module': [ '1.0.1' ],
57 silly audit   'parse-json': [ '5.2.0' ],
57 silly audit   'path-exists': [ '4.0.0' ],
57 silly audit   'path-is-absolute': [ '1.0.1' ],
57 silly audit   'path-parse': [ '1.0.7' ],
57 silly audit   'path-type': [ '4.0.0' ],
57 silly audit   'pg-int8': [ '1.0.1' ],
57 silly audit   'pg-protocol': [ '1.6.0' ],
57 silly audit   'pg-types': [ '2.2.0' ],
57 silly audit   picocolors: [ '1.0.0' ],
57 silly audit   picomatch: [ '2.3.1' ],
57 silly audit   pify: [ '2.3.0' ],
57 silly audit   pirates: [ '4.0.6' ],
57 silly audit   pluralize: [ '8.0.0' ],
57 silly audit   postcss: [ '8.4.31' ],
57 silly audit   'postcss-import': [ '15.1.0' ],
57 silly audit   'postcss-js': [ '4.0.1' ],
57 silly audit   'postcss-load-config': [ '4.0.1' ],
57 silly audit   'postcss-nested': [ '6.0.1' ],
57 silly audit   'postcss-selector-parser': [ '6.0.13' ],
57 silly audit   'postcss-value-parser': [ '4.2.0' ],
57 silly audit   'postgres-array': [ '2.0.0' ],
57 silly audit   'postgres-bytea': [ '1.0.0' ],
57 silly audit   'postgres-date': [ '1.0.7' ],
57 silly audit   'postgres-interval': [ '1.2.0' ],
57 silly audit   'prelude-ls': [ '1.2.1' ],
57 silly audit   prettier: [ '3.0.3' ],
57 silly audit   'prettier-plugin-packagejson': [ '2.4.6' ],
57 silly audit   'prettier-plugin-tailwindcss': [ '0.5.4' ],
57 silly audit   'prop-types': [ '15.8.1' ],
57 silly audit   punycode: [ '2.3.0' ],
57 silly audit   'queue-microtask': [ '1.2.3' ],
57 silly audit   react: [ '18.2.0' ],
57 silly audit   'react-dom': [ '18.2.0' ],
57 silly audit   'react-is': [ '16.13.1' ],
57 silly audit   'read-cache': [ '1.0.0' ],
57 silly audit   'read-pkg': [ '5.2.0' ],
57 silly audit   'read-pkg-up': [ '7.0.1' ],
57 silly audit   'type-fest': [ '0.8.1', '0.6.0', '0.20.2' ],
57 silly audit   'readable-stream': [ '3.6.2' ],
57 silly audit   readdirp: [ '3.6.0' ],
57 silly audit   'reflect.getprototypeof': [ '1.0.4' ],
57 silly audit   'regenerator-runtime': [ '0.14.0' ],
57 silly audit   'regexp-tree': [ '0.1.27' ],
57 silly audit   'regexp.prototype.flags': [ '1.5.1' ],
57 silly audit   regjsparser: [ '0.10.0' ],
57 silly audit   'resolve-from': [ '4.0.0' ],
57 silly audit   'resolve-pkg-maps': [ '1.0.0' ],
57 silly audit   reusify: [ '1.0.4' ],
57 silly audit   rimraf: [ '3.0.2' ],
57 silly audit   'run-applescript': [ '5.0.0' ],
57 silly audit   'strip-final-newline': [ '2.0.0', '3.0.0' ],
57 silly audit   'run-parallel': [ '1.2.0' ],
57 silly audit   'safe-array-concat': [ '1.0.1' ],
57 silly audit   'safe-buffer': [ '5.2.1' ],
57 silly audit   'safe-regex-test': [ '1.0.0' ],
57 silly audit   scheduler: [ '0.23.0' ],
57 silly audit   'set-blocking': [ '2.0.0' ],
57 silly audit   'set-function-length': [ '1.1.1' ],
57 silly audit   'set-function-name': [ '2.0.1' ],
57 silly audit   'shebang-command': [ '2.0.0' ],
57 silly audit   'shebang-regex': [ '3.0.0' ],
57 silly audit   'side-channel': [ '1.0.4' ],
57 silly audit   'signal-exit': [ '3.0.7' ],
57 silly audit   slash: [ '3.0.0', '4.0.0' ],
57 silly audit   'sort-object-keys': [ '1.1.3' ],
57 silly audit   'sort-package-json': [ '2.6.0' ],
57 silly audit   'source-map-js': [ '1.0.2' ],
57 silly audit   'spdx-correct': [ '3.2.0' ],
57 silly audit   'spdx-exceptions': [ '2.3.0' ],
57 silly audit   'spdx-expression-parse': [ '3.0.1' ],
57 silly audit   'spdx-license-ids': [ '3.0.16' ],
57 silly audit   streamsearch: [ '1.1.0' ],
57 silly audit   string_decoder: [ '1.3.0' ],
57 silly audit   'string-width': [ '4.2.3' ],
57 silly audit   'string.prototype.matchall': [ '4.0.10' ],
57 silly audit   'string.prototype.trim': [ '1.2.8' ],
57 silly audit   'string.prototype.trimend': [ '1.0.7' ],
57 silly audit   'string.prototype.trimstart': [ '1.0.7' ],
57 silly audit   'strip-ansi': [ '6.0.1' ],
57 silly audit   'strip-bom': [ '3.0.0' ],
57 silly audit   'strip-indent': [ '3.0.0' ],
57 silly audit   'strip-json-comments': [ '3.1.1' ],
57 silly audit   'styled-jsx': [ '5.1.1' ],
57 silly audit   sucrase: [ '3.34.0' ],
57 silly audit   'supports-preserve-symlinks-flag': [ '1.0.0' ],
57 silly audit   synckit: [ '0.8.5' ],
57 silly audit   tailwindcss: [ '3.3.3' ],
57 silly audit   tapable: [ '2.2.1' ],
57 silly audit   tar: [ '6.2.0' ],
57 silly audit   'text-table': [ '0.2.0' ],
57 silly audit   thenify: [ '3.3.1' ],
57 silly audit   'thenify-all': [ '1.6.0' ],
57 silly audit   titleize: [ '3.0.0' ],
57 silly audit   'to-fast-properties': [ '2.0.0' ],
57 silly audit   'to-regex-range': [ '5.0.1' ],
57 silly audit   tr46: [ '0.0.3' ],
57 silly audit   'ts-api-utils': [ '1.0.3' ],
57 silly audit   'ts-interface-checker': [ '0.1.13' ],
57 silly audit   'tsconfig-paths': [ '3.14.2' ],
57 silly audit   tslib: [ '2.6.2', '1.14.1' ],
57 silly audit   tsutils: [ '3.21.0' ],
57 silly audit   'type-check': [ '0.4.0' ],
57 silly audit   'typed-array-buffer': [ '1.0.0' ],
57 silly audit   'typed-array-byte-length': [ '1.0.0' ],
57 silly audit   'typed-array-byte-offset': [ '1.0.0' ],
57 silly audit   'typed-array-length': [ '1.0.4' ],
57 silly audit   typescript: [ '5.2.2' ],
57 silly audit   'unbox-primitive': [ '1.0.2' ],
57 silly audit   untildify: [ '4.0.0' ],
57 silly audit   'update-browserslist-db': [ '1.0.13' ],
57 silly audit   'uri-js': [ '4.4.1' ],
57 silly audit   'utf-8-validate': [ '6.0.3' ],
57 silly audit   'util-deprecate': [ '1.0.2' ],
57 silly audit   'validate-npm-package-license': [ '3.0.4' ],
57 silly audit   watchpack: [ '2.4.0' ],
57 silly audit   'webidl-conversions': [ '3.0.1' ],
57 silly audit   'whatwg-url': [ '5.0.0' ],
57 silly audit   which: [ '2.0.2' ],
57 silly audit   'which-boxed-primitive': [ '1.0.2' ],
57 silly audit   'which-builtin-type': [ '1.1.3' ],
57 silly audit   'which-collection': [ '1.0.1' ],
57 silly audit   'which-typed-array': [ '1.1.13' ],
57 silly audit   'wide-align': [ '1.1.5' ],
57 silly audit   wrappy: [ '1.0.2' ],
57 silly audit   ws: [ '8.14.2' ],
57 silly audit   xtend: [ '4.0.2' ],
57 silly audit   yaml: [ '2.3.3' ],
57 silly audit   'yocto-queue': [ '0.1.0' ],
57 silly audit   zod: [ '3.22.4' ],
57 silly audit   '@vercel/postgres': [ '0.5.1' ],
57 silly audit   bufferutil: [ '4.0.8' ]
57 silly audit }
58 verbose reify failed optional dependency /Users/davidvalle/next/nextjs-dashboard/node_modules/@next/swc-win32-x64-msvc
59 silly reify mark deleted [
59 silly reify   '/Users/davidvalle/next/nextjs-dashboard/node_modules/@next/swc-win32-x64-msvc'
59 silly reify ]
60 verbose reify failed optional dependency /Users/davidvalle/next/nextjs-dashboard/node_modules/@next/swc-win32-ia32-msvc
61 silly reify mark deleted [
61 silly reify   '/Users/davidvalle/next/nextjs-dashboard/node_modules/@next/swc-win32-ia32-msvc'
61 silly reify ]
62 verbose reify failed optional dependency /Users/davidvalle/next/nextjs-dashboard/node_modules/@next/swc-win32-arm64-msvc
63 silly reify mark deleted [
63 silly reify   '/Users/davidvalle/next/nextjs-dashboard/node_modules/@next/swc-win32-arm64-msvc'
63 silly reify ]
64 verbose reify failed optional dependency /Users/davidvalle/next/nextjs-dashboard/node_modules/@next/swc-linux-x64-musl
65 silly reify mark deleted [
65 silly reify   '/Users/davidvalle/next/nextjs-dashboard/node_modules/@next/swc-linux-x64-musl'
65 silly reify ]
66 verbose reify failed optional dependency /Users/davidvalle/next/nextjs-dashboard/node_modules/@next/swc-linux-x64-gnu
67 silly reify mark deleted [
67 silly reify   '/Users/davidvalle/next/nextjs-dashboard/node_modules/@next/swc-linux-x64-gnu'
67 silly reify ]
68 verbose reify failed optional dependency /Users/davidvalle/next/nextjs-dashboard/node_modules/@next/swc-linux-arm64-musl
69 silly reify mark deleted [
69 silly reify   '/Users/davidvalle/next/nextjs-dashboard/node_modules/@next/swc-linux-arm64-musl'
69 silly reify ]
70 verbose reify failed optional dependency /Users/davidvalle/next/nextjs-dashboard/node_modules/@next/swc-linux-arm64-gnu
71 silly reify mark deleted [
71 silly reify   '/Users/davidvalle/next/nextjs-dashboard/node_modules/@next/swc-linux-arm64-gnu'
71 silly reify ]
72 verbose reify failed optional dependency /Users/davidvalle/next/nextjs-dashboard/node_modules/@next/swc-darwin-x64
73 silly reify mark deleted [
73 silly reify   '/Users/davidvalle/next/nextjs-dashboard/node_modules/@next/swc-darwin-x64'
73 silly reify ]
74 timing reifyNode:node_modules/@next/swc-win32-x64-msvc Completed in 3ms
75 timing reifyNode:node_modules/@next/swc-win32-ia32-msvc Completed in 3ms
76 timing reifyNode:node_modules/@next/swc-win32-arm64-msvc Completed in 2ms
77 timing reifyNode:node_modules/@next/swc-linux-x64-musl Completed in 2ms
78 timing reifyNode:node_modules/@next/swc-linux-x64-gnu Completed in 2ms
79 timing reifyNode:node_modules/@next/swc-linux-arm64-musl Completed in 2ms
80 timing reifyNode:node_modules/@next/swc-linux-arm64-gnu Completed in 2ms
81 timing reifyNode:node_modules/@next/swc-darwin-x64 Completed in 2ms
82 silly tarball no local data for bufferutil@https://registry.npmjs.org/bufferutil/-/bufferutil-4.0.8.tgz. Extracting by manifest.
83 silly tarball no local data for @vercel/postgres@https://registry.npmjs.org/@vercel/postgres/-/postgres-0.5.1.tgz. Extracting by manifest.
84 http fetch GET 200 https://registry.npmjs.org/bufferutil/-/bufferutil-4.0.8.tgz 63ms (cache miss)
85 timing reifyNode:node_modules/bufferutil Completed in 67ms
86 http fetch POST 200 https://registry.npmjs.org/-/npm/v1/security/advisories/bulk 113ms
87 timing auditReport:getReport Completed in 115ms
88 silly audit report {
88 silly audit report   tar: [
88 silly audit report     {
88 silly audit report       id: 1096915,
88 silly audit report       url: 'https://github.com/advisories/GHSA-f5x3-32g6-xq36',
88 silly audit report       title: 'Denial of service while parsing a tar file due to lack of folders count validation',
88 silly audit report       severity: 'moderate',
88 silly audit report       vulnerable_versions: '<6.2.1',
88 silly audit report       cwe: [Array],
88 silly audit report       cvss: [Object]
88 silly audit report     }
88 silly audit report   ]
88 silly audit report }
89 timing metavuln:cache:get:security-advisory:tar:LqR4p1DuCllPv2ja0l23sG1efROfQY3Wyyk/JoZHPWuFUFqzuTFrEHdL/sacTdMQjdxcu9lrbKf9OUNl9krlxQ== Completed in 2ms
90 http fetch GET 200 https://registry.npmjs.org/tar 30ms (cache revalidated)
91 timing metavuln:packument:tar Completed in 31ms
92 timing metavuln:load:security-advisory:tar:1096915 Completed in 1ms
93 timing metavuln:calculate:security-advisory:tar:1096915 Completed in 33ms
94 timing metavuln:cache:get:security-advisory:@mapbox/node-pre-gyp:C2Eu9Dvs89K0/w6TJnWZPrWpXxdCJU9hl116Pob9CcxR+44P53yDHliWDWAM+8LN3XHVqqPmgYDPOXL2FA9Fyg== Completed in 0ms
95 http fetch GET 200 https://registry.npmjs.org/@mapbox%2fnode-pre-gyp 105ms (cache revalidated)
96 timing metavuln:packument:@mapbox/node-pre-gyp Completed in 105ms
97 timing metavuln:load:security-advisory:@mapbox/node-pre-gyp:LqR4p1DuCllPv2ja0l23sG1efROfQY3Wyyk/JoZHPWuFUFqzuTFrEHdL/sacTdMQjdxcu9lrbKf9OUNl9krlxQ== Completed in 0ms
98 timing metavuln:calculate:security-advisory:@mapbox/node-pre-gyp:LqR4p1DuCllPv2ja0l23sG1efROfQY3Wyyk/JoZHPWuFUFqzuTFrEHdL/sacTdMQjdxcu9lrbKf9OUNl9krlxQ== Completed in 105ms
99 timing auditReport:init Completed in 139ms
100 timing reify:audit Completed in 254ms
101 http fetch GET 200 https://registry.npmjs.org/@vercel/postgres/-/postgres-0.5.1.tgz 529ms (cache miss)
102 timing reifyNode:node_modules/@vercel/postgres Completed in 534ms
103 timing reify:unpack Completed in 535ms
104 timing reify:unretire Completed in 4ms
105 timing build:queue Completed in 1ms
106 info run bufferutil@4.0.8 install node_modules/bufferutil node-gyp-build
107 info run bufferutil@4.0.8 install { code: 0, signal: null }
108 timing build:run:install:node_modules/bufferutil Completed in 235ms
109 timing build:run:install Completed in 236ms
110 timing build:deps Completed in 237ms
111 timing build Completed in 237ms
112 timing reify:build Completed in 238ms
113 timing reify:trash Completed in 12ms
114 timing reify:save Completed in 56ms
115 timing reify Completed in 1255ms
116 silly ADD
117 silly ADD
118 silly ADD
119 silly ADD
120 silly ADD
121 silly ADD
122 silly ADD
123 silly ADD
124 silly CHANGE node_modules/bufferutil
125 silly CHANGE node_modules/@vercel/postgres
126 timing command:i Completed in 1266ms
127 verbose exit 0
128 timing npm Completed in 1398ms
129 info ok
